2019-06-28 07:53:13.566  INFO 6716 --- [main] c.h.s.a.client.ClientServerApplication   : No active profile set, falling back to default profiles: default
2019-06-28 07:53:13.584  INFO 6716 --- [main] ationConfigEmbeddedWebApplicationContext : Refreshing org.springframework.boot.context.embedded.AnnotationConfigEmbeddedWebApplicationContext@40ab8a8: startup date [Fri Jun 28 07:53:13 CST 2019]; parent: org.springframework.context.annotation.AnnotationConfigApplicationContext@2e6a5539
2019-06-28 07:53:16.361  INFO 6716 --- [main] o.s.cloud.context.scope.GenericScope     : BeanFactory id=843006cf-4829-3fd7-8c15-5171b5e16d33
2019-06-28 07:53:16.543  INFO 6716 --- [main] f.a.AutowiredAnnotationBeanPostProcessor : JSR-330 'javax.inject.Inject' annotation found and supported for autowiring
2019-06-28 07:53:16.656  INFO 6716 --- [main] trationDelegate$BeanPostProcessorChecker : Bean 'org.springframework.cloud.netflix.metrics.MetricsInterceptorConfiguration$MetricsRestTemplateConfiguration' of type [org.springframework.cloud.netflix.metrics.MetricsInterceptorConfiguration$MetricsRestTemplateConfiguration$$EnhancerBySpringCGLIB$$82d751d6] is not eligible for getting processed by all BeanPostProcessors (for example: not eligible for auto-proxying)
2019-06-28 07:53:16.670  INFO 6716 --- [main] trationDelegate$BeanPostProcessorChecker : Bean 'org.springframework.cloud.autoconfigure.ConfigurationPropertiesRebinderAutoConfiguration' of type [org.springframework.cloud.autoconfigure.ConfigurationPropertiesRebinderAutoConfiguration$$EnhancerBySpringCGLIB$$6cc4ae92] is not eligible for getting processed by all BeanPostProcessors (for example: not eligible for auto-proxying)
2019-06-28 07:53:18.224  INFO 6716 --- [main] s.b.c.e.t.TomcatEmbeddedServletContainer : Tomcat initialized with port(s): 9092 (http)
2019-06-28 07:53:18.285  INFO 6716 --- [main] o.apache.catalina.core.StandardService   : Starting service Tomcat
2019-06-28 07:53:18.287  INFO 6716 --- [main] org.apache.catalina.core.StandardEngine  : Starting Servlet Engine: Apache Tomcat/8.5.14
2019-06-28 07:53:19.246  INFO 6716 --- [localhost-startStop-1] o.a.c.c.C.[Tomcat].[localhost].[/]       : Initializing Spring embedded WebApplicationContext
2019-06-28 07:53:19.247  INFO 6716 --- [localhost-startStop-1] o.s.web.context.ContextLoader            : Root WebApplicationContext: initialization completed in 5663 ms
2019-06-28 07:53:19.702  INFO 6716 --- [localhost-startStop-1] o.s.b.w.servlet.ServletRegistrationBean  : Mapping servlet: 'dispatcherServlet' to [/]
2019-06-28 07:53:19.709  INFO 6716 --- [localhost-startStop-1] o.s.b.w.servlet.FilterRegistrationBean   : Mapping filter: 'metricsFilter' to: [/*]
2019-06-28 07:53:19.709  INFO 6716 --- [localhost-startStop-1] o.s.b.w.servlet.FilterRegistrationBean   : Mapping filter: 'characterEncodingFilter' to: [/*]
2019-06-28 07:53:19.710  INFO 6716 --- [localhost-startStop-1] o.s.b.w.servlet.FilterRegistrationBean   : Mapping filter: 'hiddenHttpMethodFilter' to: [/*]
2019-06-28 07:53:19.710  INFO 6716 --- [localhost-startStop-1] o.s.b.w.servlet.FilterRegistrationBean   : Mapping filter: 'httpPutFormContentFilter' to: [/*]
2019-06-28 07:53:19.710  INFO 6716 --- [localhost-startStop-1] o.s.b.w.servlet.FilterRegistrationBean   : Mapping filter: 'requestContextFilter' to: [/*]
2019-06-28 07:53:19.710  INFO 6716 --- [localhost-startStop-1] o.s.b.w.servlet.FilterRegistrationBean   : Mapping filter: 'webRequestLoggingFilter' to: [/*]
2019-06-28 07:53:19.711  INFO 6716 --- [localhost-startStop-1] o.s.b.w.servlet.FilterRegistrationBean   : Mapping filter: 'applicationContextIdFilter' to: [/*]
2019-06-28 07:53:21.135  INFO 6716 --- [main] o.a.c.c.C.[Tomcat].[localhost].[/]       : jolokia: No access restrictor found, access to any MBean is allowed
2019-06-28 07:53:21.530  INFO 6716 --- [main] s.w.s.m.m.a.RequestMappingHandlerAdapter : Looking for @ControllerAdvice: org.springframework.boot.context.embedded.AnnotationConfigEmbeddedWebApplicationContext@40ab8a8: startup date [Fri Jun 28 07:53:13 CST 2019]; parent: org.springframework.context.annotation.AnnotationConfigApplicationContext@2e6a5539
2019-06-28 07:53:21.670  INFO 6716 --- [main] s.w.s.m.m.a.RequestMappingHandlerMapping : Mapped "{[/error]}" onto public org.springframework.http.ResponseEntity<java.util.Map<java.lang.String, java.lang.Object>> org.springframework.boot.autoconfigure.web.BasicErrorController.error(javax.servlet.http.HttpServletRequest)
2019-06-28 07:53:21.672  INFO 6716 --- [main] s.w.s.m.m.a.RequestMappingHandlerMapping : Mapped "{[/error],produces=[text/html]}" onto public org.springframework.web.servlet.ModelAndView org.springframework.boot.autoconfigure.web.BasicErrorController.errorHtml(javax.servlet.http.HttpServletRequest,javax.servlet.http.HttpServletResponse)
2019-06-28 07:53:21.767  INFO 6716 --- [main] o.s.w.s.handler.SimpleUrlHandlerMapping  : Mapped URL path [/webjars/**] onto handler of type [class org.springframework.web.servlet.resource.ResourceHttpRequestHandler]
2019-06-28 07:53:21.767  INFO 6716 --- [main] o.s.w.s.handler.SimpleUrlHandlerMapping  : Mapped URL path [/**] onto handler of type [class org.springframework.web.servlet.resource.ResourceHttpRequestHandler]
2019-06-28 07:53:21.845  INFO 6716 --- [main] o.s.w.s.handler.SimpleUrlHandlerMapping  : Mapped URL path [/**/favicon.ico] onto handler of type [class org.springframework.web.servlet.resource.ResourceHttpRequestHandler]
2019-06-28 07:53:22.870  INFO 6716 --- [main] o.s.b.a.e.mvc.EndpointHandlerMapping     : Mapped "{[/features || /features.json],methods=[GET],produces=[application/vnd.spring-boot.actuator.v1+json || application/json]}" onto public java.lang.Object org.springframework.boot.actuate.endpoint.mvc.EndpointMvcAdapter.invoke()
2019-06-28 07:53:22.871  INFO 6716 --- [main] o.s.b.a.e.mvc.EndpointHandlerMapping     : Mapped "{[/autoconfig || /autoconfig.json],methods=[GET],produces=[application/vnd.spring-boot.actuator.v1+json || application/json]}" onto public java.lang.Object org.springframework.boot.actuate.endpoint.mvc.EndpointMvcAdapter.invoke()
2019-06-28 07:53:22.872  INFO 6716 --- [main] o.s.b.a.e.mvc.EndpointHandlerMapping     : Mapped "{[/trace || /trace.json],methods=[GET],produces=[application/vnd.spring-boot.actuator.v1+json || application/json]}" onto public java.lang.Object org.springframework.boot.actuate.endpoint.mvc.EndpointMvcAdapter.invoke()
2019-06-28 07:53:22.872  INFO 6716 --- [main] o.s.b.a.e.mvc.EndpointHandlerMapping     : Mapped "{[/archaius || /archaius.json],methods=[GET],produces=[application/vnd.spring-boot.actuator.v1+json || application/json]}" onto public java.lang.Object org.springframework.boot.actuate.endpoint.mvc.EndpointMvcAdapter.invoke()
2019-06-28 07:53:22.874  INFO 6716 --- [main] o.s.b.a.e.mvc.EndpointHandlerMapping     : Mapped "{[/logfile || /logfile.json],methods=[GET || HEAD]}" onto public void org.springframework.boot.actuate.endpoint.mvc.LogFileMvcEndpoint.invoke(javax.servlet.http.HttpServletRequest,javax.servlet.http.HttpServletResponse) throws javax.servlet.ServletException,java.io.IOException
2019-06-28 07:53:22.876  INFO 6716 --- [main] o.s.b.a.e.mvc.EndpointHandlerMapping     : Mapped "{[/auditevents || /auditevents.json],methods=[GET],produces=[application/vnd.spring-boot.actuator.v1+json || application/json]}" onto public org.springframework.http.ResponseEntity<?> org.springframework.boot.actuate.endpoint.mvc.AuditEventsMvcEndpoint.findByPrincipalAndAfterAndType(java.lang.String,java.util.Date,java.lang.String)
2019-06-28 07:53:22.877  INFO 6716 --- [main] o.s.b.a.e.mvc.EndpointHandlerMapping     : Mapped "{[/refresh || /refresh.json],methods=[POST]}" onto public java.lang.Object org.springframework.cloud.endpoint.GenericPostableMvcEndpoint.invoke()
2019-06-28 07:53:22.878  INFO 6716 --- [main] o.s.b.a.e.mvc.EndpointHandlerMapping     : Mapped "{[/env/{name:.*}],methods=[GET],produces=[application/vnd.spring-boot.actuator.v1+json || application/json]}" onto public java.lang.Object org.springframework.boot.actuate.endpoint.mvc.EnvironmentMvcEndpoint.value(java.lang.String)
2019-06-28 07:53:22.879  INFO 6716 --- [main] o.s.b.a.e.mvc.EndpointHandlerMapping     : Mapped "{[/env || /env.json],methods=[GET],produces=[application/vnd.spring-boot.actuator.v1+json || application/json]}" onto public java.lang.Object org.springframework.boot.actuate.endpoint.mvc.EndpointMvcAdapter.invoke()
2019-06-28 07:53:22.884  INFO 6716 --- [main] o.s.b.a.e.mvc.EndpointHandlerMapping     : Mapped "{[/loggers/{name:.*}],methods=[GET],produces=[application/vnd.spring-boot.actuator.v1+json || application/json]}" onto public java.lang.Object org.springframework.boot.actuate.endpoint.mvc.LoggersMvcEndpoint.get(java.lang.String)
2019-06-28 07:53:22.884  INFO 6716 --- [main] o.s.b.a.e.mvc.EndpointHandlerMapping     : Mapped "{[/loggers/{name:.*}],methods=[POST],consumes=[application/vnd.spring-boot.actuator.v1+json || application/json],produces=[application/vnd.spring-boot.actuator.v1+json || application/json]}" onto public java.lang.Object org.springframework.boot.actuate.endpoint.mvc.LoggersMvcEndpoint.set(java.lang.String,java.util.Map<java.lang.String, java.lang.String>)
2019-06-28 07:53:22.884  INFO 6716 --- [main] o.s.b.a.e.mvc.EndpointHandlerMapping     : Mapped "{[/loggers || /loggers.json],methods=[GET],produces=[application/vnd.spring-boot.actuator.v1+json || application/json]}" onto public java.lang.Object org.springframework.boot.actuate.endpoint.mvc.EndpointMvcAdapter.invoke()
2019-06-28 07:53:22.886  INFO 6716 --- [main] o.s.b.a.e.mvc.EndpointHandlerMapping     : Mapped "{[/configprops || /configprops.json],methods=[GET],produces=[application/vnd.spring-boot.actuator.v1+json || application/json]}" onto public java.lang.Object org.springframework.boot.actuate.endpoint.mvc.EndpointMvcAdapter.invoke()
2019-06-28 07:53:22.887  INFO 6716 --- [main] o.s.b.a.e.mvc.EndpointHandlerMapping     : Mapped "{[/health || /health.json],methods=[GET],produces=[application/vnd.spring-boot.actuator.v1+json || application/json]}" onto public java.lang.Object org.springframework.boot.actuate.endpoint.mvc.HealthMvcEndpoint.invoke(javax.servlet.http.HttpServletRequest,java.security.Principal)
2019-06-28 07:53:22.888  INFO 6716 --- [main] o.s.b.a.e.mvc.EndpointHandlerMapping     : Mapped "{[/env],methods=[POST]}" onto public java.lang.Object org.springframework.cloud.context.environment.EnvironmentManagerMvcEndpoint.value(java.util.Map<java.lang.String, java.lang.String>)
2019-06-28 07:53:22.889  INFO 6716 --- [main] o.s.b.a.e.mvc.EndpointHandlerMapping     : Mapped "{[/env/reset],methods=[POST]}" onto public java.util.Map<java.lang.String, java.lang.Object> org.springframework.cloud.context.environment.EnvironmentManagerMvcEndpoint.reset()
2019-06-28 07:53:22.889  INFO 6716 --- [main] o.s.b.a.e.mvc.EndpointHandlerMapping     : Mapped "{[/pause || /pause.json],methods=[POST]}" onto public java.lang.Object org.springframework.cloud.endpoint.GenericPostableMvcEndpoint.invoke()
2019-06-28 07:53:22.890  INFO 6716 --- [main] o.s.b.a.e.mvc.EndpointHandlerMapping     : Mapped "{[/dump || /dump.json],methods=[GET],produces=[application/vnd.spring-boot.actuator.v1+json || application/json]}" onto public java.lang.Object org.springframework.boot.actuate.endpoint.mvc.EndpointMvcAdapter.invoke()
2019-06-28 07:53:22.891  INFO 6716 --- [main] o.s.b.a.e.mvc.EndpointHandlerMapping     : Mapped "{[/info || /info.json],methods=[GET],produces=[application/vnd.spring-boot.actuator.v1+json || application/json]}" onto public java.lang.Object org.springframework.boot.actuate.endpoint.mvc.EndpointMvcAdapter.invoke()
2019-06-28 07:53:22.891  INFO 6716 --- [main] o.s.b.a.e.mvc.EndpointHandlerMapping     : Mapped "{[/restart || /restart.json],methods=[POST]}" onto public java.lang.Object org.springframework.cloud.context.restart.RestartMvcEndpoint.invoke()
2019-06-28 07:53:22.893  INFO 6716 --- [main] o.s.b.a.e.mvc.EndpointHandlerMapping     : Mapped "{[/resume || /resume.json],methods=[POST]}" onto public java.lang.Object org.springframework.cloud.endpoint.GenericPostableMvcEndpoint.invoke()
2019-06-28 07:53:22.894  INFO 6716 --- [main] o.s.b.a.e.mvc.EndpointHandlerMapping     : Mapped "{[/service-registry/instance-status],methods=[GET]}" onto public org.springframework.http.ResponseEntity org.springframework.cloud.client.serviceregistry.endpoint.ServiceRegistryEndpoint.getStatus()
2019-06-28 07:53:22.895  INFO 6716 --- [main] o.s.b.a.e.mvc.EndpointHandlerMapping     : Mapped "{[/service-registry/instance-status],methods=[POST]}" onto public org.springframework.http.ResponseEntity<?> org.springframework.cloud.client.serviceregistry.endpoint.ServiceRegistryEndpoint.setStatus(java.lang.String)
2019-06-28 07:53:22.896  INFO 6716 --- [main] o.s.b.a.e.mvc.EndpointHandlerMapping     : Mapped "{[/metrics/{name:.*}],methods=[GET],produces=[application/vnd.spring-boot.actuator.v1+json || application/json]}" onto public java.lang.Object org.springframework.boot.actuate.endpoint.mvc.MetricsMvcEndpoint.value(java.lang.String)
2019-06-28 07:53:22.896  INFO 6716 --- [main] o.s.b.a.e.mvc.EndpointHandlerMapping     : Mapped "{[/metrics || /metrics.json],methods=[GET],produces=[application/vnd.spring-boot.actuator.v1+json || application/json]}" onto public java.lang.Object org.springframework.boot.actuate.endpoint.mvc.EndpointMvcAdapter.invoke()
2019-06-28 07:53:22.899  INFO 6716 --- [main] o.s.b.a.e.mvc.EndpointHandlerMapping     : Mapped "{[/beans || /beans.json],methods=[GET],produces=[application/vnd.spring-boot.actuator.v1+json || application/json]}" onto public java.lang.Object org.springframework.boot.actuate.endpoint.mvc.EndpointMvcAdapter.invoke()
2019-06-28 07:53:22.901  INFO 6716 --- [main] o.s.b.a.e.mvc.EndpointHandlerMapping     : Mapped "{[/heapdump || /heapdump.json],methods=[GET],produces=[application/octet-stream]}" onto public void org.springframework.boot.actuate.endpoint.mvc.HeapdumpMvcEndpoint.invoke(boolean,javax.servlet.http.HttpServletRequest,javax.servlet.http.HttpServletResponse) throws java.io.IOException,javax.servlet.ServletException
2019-06-28 07:53:22.902  INFO 6716 --- [main] o.s.b.a.e.mvc.EndpointHandlerMapping     : Mapped "{[/mappings || /mappings.json],methods=[GET],produces=[application/vnd.spring-boot.actuator.v1+json || application/json]}" onto public java.lang.Object org.springframework.boot.actuate.endpoint.mvc.EndpointMvcAdapter.invoke()
2019-06-28 07:53:22.904  INFO 6716 --- [main] o.s.b.a.e.mvc.EndpointHandlerMapping     : Mapped "{[/jolokia/**]}" onto public org.springframework.web.servlet.ModelAndView org.springframework.boot.actuate.endpoint.mvc.JolokiaMvcEndpoint.handle(javax.servlet.http.HttpServletRequest,javax.servlet.http.HttpServletResponse) throws java.lang.Exception
2019-06-28 07:53:23.157  INFO 6716 --- [main] o.s.ui.freemarker.SpringTemplateLoader   : SpringTemplateLoader for FreeMarker: using resource loader [org.springframework.boot.context.embedded.AnnotationConfigEmbeddedWebApplicationContext@40ab8a8: startup date [Fri Jun 28 07:53:13 CST 2019]; parent: org.springframework.context.annotation.AnnotationConfigApplicationContext@2e6a5539] and template loader path [classpath:/templates/]
2019-06-28 07:53:23.159  INFO 6716 --- [main] o.s.w.s.v.f.FreeMarkerConfigurer         : ClassTemplateLoader for Spring macros added to FreeMarker configuration
2019-06-28 07:53:23.363  WARN 6716 --- [main] c.n.c.sources.URLConfigurationSource     : No URLs will be polled as dynamic configuration sources.
2019-06-28 07:53:23.364  INFO 6716 --- [main] c.n.c.sources.URLConfigurationSource     : To enable URLs as dynamic configuration sources, define System property archaius.configurationSource.additionalUrls or make config.properties available on classpath.
2019-06-28 07:53:23.398  WARN 6716 --- [main] c.n.c.sources.URLConfigurationSource     : No URLs will be polled as dynamic configuration sources.
2019-06-28 07:53:23.398  INFO 6716 --- [main] c.n.c.sources.URLConfigurationSource     : To enable URLs as dynamic configuration sources, define System property archaius.configurationSource.additionalUrls or make config.properties available on classpath.
2019-06-28 07:53:23.827  INFO 6716 --- [main] o.s.j.e.a.AnnotationMBeanExporter        : Registering beans for JMX exposure on startup
2019-06-28 07:53:23.849  INFO 6716 --- [main] o.s.j.e.a.AnnotationMBeanExporter        : Bean with name 'environmentManager' has been autodetected for JMX exposure
2019-06-28 07:53:23.855  INFO 6716 --- [main] o.s.j.e.a.AnnotationMBeanExporter        : Bean with name 'configurationPropertiesRebinder' has been autodetected for JMX exposure
2019-06-28 07:53:23.856  INFO 6716 --- [main] o.s.j.e.a.AnnotationMBeanExporter        : Bean with name 'refreshEndpoint' has been autodetected for JMX exposure
2019-06-28 07:53:23.857  INFO 6716 --- [main] o.s.j.e.a.AnnotationMBeanExporter        : Bean with name 'restartEndpoint' has been autodetected for JMX exposure
2019-06-28 07:53:23.859  INFO 6716 --- [main] o.s.j.e.a.AnnotationMBeanExporter        : Bean with name 'serviceRegistryEndpoint' has been autodetected for JMX exposure
2019-06-28 07:53:23.861  INFO 6716 --- [main] o.s.j.e.a.AnnotationMBeanExporter        : Bean with name 'refreshScope' has been autodetected for JMX exposure
2019-06-28 07:53:23.865  INFO 6716 --- [main] o.s.j.e.a.AnnotationMBeanExporter        : Located managed bean 'environmentManager': registering with JMX server as MBean [org.springframework.cloud.context.environment:name=environmentManager,type=EnvironmentManager]
2019-06-28 07:53:23.937  INFO 6716 --- [main] o.s.j.e.a.AnnotationMBeanExporter        : Located managed bean 'restartEndpoint': registering with JMX server as MBean [org.springframework.cloud.context.restart:name=restartEndpoint,type=RestartEndpoint]
2019-06-28 07:53:23.954  INFO 6716 --- [main] o.s.j.e.a.AnnotationMBeanExporter        : Located managed bean 'serviceRegistryEndpoint': registering with JMX server as MBean [org.springframework.cloud.client.serviceregistry.endpoint:name=serviceRegistryEndpoint,type=ServiceRegistryEndpoint]
2019-06-28 07:53:23.968  INFO 6716 --- [main] o.s.j.e.a.AnnotationMBeanExporter        : Located managed bean 'refreshScope': registering with JMX server as MBean [org.springframework.cloud.context.scope.refresh:name=refreshScope,type=RefreshScope]
2019-06-28 07:53:23.987  INFO 6716 --- [main] o.s.j.e.a.AnnotationMBeanExporter        : Located managed bean 'configurationPropertiesRebinder': registering with JMX server as MBean [org.springframework.cloud.context.properties:name=configurationPropertiesRebinder,context=40ab8a8,type=ConfigurationPropertiesRebinder]
2019-06-28 07:53:23.992  INFO 6716 --- [main] o.s.j.e.a.AnnotationMBeanExporter        : Located managed bean 'refreshEndpoint': registering with JMX server as MBean [org.springframework.cloud.endpoint:name=refreshEndpoint,type=RefreshEndpoint]
2019-06-28 07:53:24.343  INFO 6716 --- [main] o.a.c.c.C.[Tomcat].[localhost].[/]       : jolokia: No access restrictor found, access to any MBean is allowed
2019-06-28 07:53:24.366  INFO 6716 --- [main] o.a.c.c.C.[Tomcat].[localhost].[/]       : jolokia: jolokia:type=Config is already registered. Adding it with jolokia:type=Config,uuid=6c2d72e7-102b-4d31-b8b4-dba0bcaa0c30, but you should revise your setup in order to either use a qualifier or ensure, that only a single agent gets registered (otherwise history functionality might not work)
2019-06-28 07:53:24.367  INFO 6716 --- [main] o.a.c.c.C.[Tomcat].[localhost].[/]       : jolokia: Cannot register (legacy) MBean handler for config store with name jmx4perl:type=Config since it already exists. This is the case if another agent has been already started within the same JVM. The registration is skipped.
2019-06-28 07:53:24.367  INFO 6716 --- [main] o.a.c.c.C.[Tomcat].[localhost].[/]       : jolokia: Jolokia Discovery MBean registration is skipped because there is already one registered.
2019-06-28 07:53:24.432  INFO 6716 --- [main] o.s.c.support.DefaultLifecycleProcessor  : Starting beans in phase 0
2019-06-28 07:53:24.442  INFO 6716 --- [main] o.s.c.n.eureka.InstanceInfoFactory       : Setting initial instance status as: STARTING
2019-06-28 07:53:24.826  INFO 6716 --- [main] com.netflix.discovery.DiscoveryClient    : Initializing Eureka in region us-east-1
2019-06-28 07:53:27.059  INFO 6716 --- [main] c.n.d.provider.DiscoveryJerseyProvider   : Using JSON encoding codec LegacyJacksonJson
2019-06-28 07:53:27.059  INFO 6716 --- [main] c.n.d.provider.DiscoveryJerseyProvider   : Using JSON decoding codec LegacyJacksonJson
2019-06-28 07:53:27.343  INFO 6716 --- [main] c.n.d.provider.DiscoveryJerseyProvider   : Using XML encoding codec XStreamXml
2019-06-28 07:53:27.343  INFO 6716 --- [main] c.n.d.provider.DiscoveryJerseyProvider   : Using XML decoding codec XStreamXml
2019-06-28 07:53:28.122  INFO 6716 --- [main] c.n.d.s.r.aws.ConfigClusterResolver      : Resolving eureka endpoints via configuration
2019-06-28 07:53:28.424  INFO 6716 --- [main] com.netflix.discovery.DiscoveryClient    : Disable delta property : false
2019-06-28 07:53:28.425  INFO 6716 --- [main] com.netflix.discovery.DiscoveryClient    : Single vip registry refresh property : null
2019-06-28 07:53:28.425  INFO 6716 --- [main] com.netflix.discovery.DiscoveryClient    : Force full registry fetch : false
2019-06-28 07:53:28.425  INFO 6716 --- [main] com.netflix.discovery.DiscoveryClient    : Application is null : false
2019-06-28 07:53:28.426  INFO 6716 --- [main] com.netflix.discovery.DiscoveryClient    : Registered Applications size is zero : true
2019-06-28 07:53:28.426  INFO 6716 --- [main] com.netflix.discovery.DiscoveryClient    : Application version is -1: true
2019-06-28 07:53:28.426  INFO 6716 --- [main] com.netflix.discovery.DiscoveryClient    : Getting all instance registry info from the eureka server
2019-06-28 07:53:28.745  INFO 6716 --- [main] com.netflix.discovery.DiscoveryClient    : The response status is 200
2019-06-28 07:53:28.747  INFO 6716 --- [main] com.netflix.discovery.DiscoveryClient    : Starting heartbeat executor: renew interval is: 30
2019-06-28 07:53:28.751  INFO 6716 --- [main] c.n.discovery.InstanceInfoReplicator     : InstanceInfoReplicator onDemand update allowed rate per min is 4
2019-06-28 07:53:28.755  INFO 6716 --- [main] com.netflix.discovery.DiscoveryClient    : Discovery Client initialized at timestamp 1561679608755 with initial instances count: 1
2019-06-28 07:53:28.783  INFO 6716 --- [main] o.s.c.n.e.s.EurekaServiceRegistry        : Registering application client-server with eureka with status UP
2019-06-28 07:53:28.785  INFO 6716 --- [main] com.netflix.discovery.DiscoveryClient    : Saw local status change event StatusChangeEvent [timestamp=1561679608785, current=UP, previous=STARTING]
2019-06-28 07:53:28.787  INFO 6716 --- [DiscoveryClient-InstanceInfoReplicator-0] com.netflix.discovery.DiscoveryClient    : DiscoveryClient_CLIENT-SERVER/PC201308222052:client-server:9092: registering service...
2019-06-28 07:53:28.837  INFO 6716 --- [DiscoveryClient-InstanceInfoReplicator-0] com.netflix.discovery.DiscoveryClient    : DiscoveryClient_CLIENT-SERVER/PC201308222052:client-server:9092 - registration status: 204
2019-06-28 07:53:29.427  INFO 6716 --- [main] s.b.c.e.t.TomcatEmbeddedServletContainer : Tomcat started on port(s): 9092 (http)
2019-06-28 07:53:29.429  INFO 6716 --- [main] .s.c.n.e.s.EurekaAutoServiceRegistration : Updating port to 9092
2019-06-28 07:53:29.438  INFO 6716 --- [main] c.h.s.a.client.ClientServerApplication   : Started ClientServerApplication in 19.101 seconds (JVM running for 23.751)
2019-06-28 07:53:55.311  INFO 6716 --- [http-nio-9092-exec-1] o.a.c.c.C.[Tomcat].[localhost].[/]       : Initializing Spring FrameworkServlet 'dispatcherServlet'
2019-06-28 07:53:55.311  INFO 6716 --- [http-nio-9092-exec-1] o.s.web.servlet.DispatcherServlet        : FrameworkServlet 'dispatcherServlet': initialization started
2019-06-28 07:53:55.362  INFO 6716 --- [http-nio-9092-exec-1] o.s.web.servlet.DispatcherServlet        : FrameworkServlet 'dispatcherServlet': initialization completed in 50 ms
2019-06-28 07:58:13.387  INFO 6716 --- [RMI TCP Connection(2)-127.0.0.1] inMXBeanRegistrar$SpringApplicationAdmin : Application shutdown requested.
2019-06-28 07:58:13.387  INFO 6716 --- [RMI TCP Connection(3)-127.0.0.1] inMXBeanRegistrar$SpringApplicationAdmin : Application shutdown requested.
2019-06-28 07:58:13.406  INFO 6716 --- [RMI TCP Connection(2)-127.0.0.1] ationConfigEmbeddedWebApplicationContext : Closing org.springframework.boot.context.embedded.AnnotationConfigEmbeddedWebApplicationContext@40ab8a8: startup date [Fri Jun 28 07:53:13 CST 2019]; parent: org.springframework.context.annotation.AnnotationConfigApplicationContext@2e6a5539
2019-06-28 07:58:13.457  INFO 6716 --- [RMI TCP Connection(2)-127.0.0.1] o.s.c.n.e.s.EurekaServiceRegistry        : Unregistering application client-server with eureka with status DOWN
2019-06-28 07:58:13.458  WARN 6716 --- [RMI TCP Connection(2)-127.0.0.1] com.netflix.discovery.DiscoveryClient    : Saw local status change event StatusChangeEvent [timestamp=1561679893457, current=DOWN, previous=UP]
2019-06-28 07:58:13.458  INFO 6716 --- [RMI TCP Connection(2)-127.0.0.1] com.netflix.discovery.DiscoveryClient    : Shutting down DiscoveryClient ...
2019-06-28 07:58:13.459  INFO 6716 --- [RMI TCP Connection(2)-127.0.0.1] com.netflix.discovery.DiscoveryClient    : Unregistering ...
2019-06-28 07:58:13.685  INFO 6716 --- [RMI TCP Connection(2)-127.0.0.1] com.netflix.discovery.DiscoveryClient    : DiscoveryClient_CLIENT-SERVER/PC201308222052:client-server:9092 - deregister  status: 200
2019-06-28 07:58:13.919  INFO 6716 --- [RMI TCP Connection(2)-127.0.0.1] com.netflix.discovery.DiscoveryClient    : Completed shut down of DiscoveryClient
2019-06-28 07:58:13.971  INFO 6716 --- [RMI TCP Connection(2)-127.0.0.1] o.s.c.support.DefaultLifecycleProcessor  : Stopping beans in phase 0
2019-06-28 07:58:14.484  INFO 6716 --- [RMI TCP Connection(2)-127.0.0.1] o.s.j.e.a.AnnotationMBeanExporter        : Unregistering JMX-exposed beans on shutdown
2019-06-28 07:58:14.485  INFO 6716 --- [RMI TCP Connection(2)-127.0.0.1] o.s.j.e.a.AnnotationMBeanExporter        : Unregistering JMX-exposed beans
2019-06-28 07:58:17.065  INFO 6716 --- [RMI TCP Connection(2)-127.0.0.1] o.apache.catalina.core.StandardService   : Stopping service Tomcat
